<?xml version="1.0" encoding="UTF-8"?>
<!-- Generated by org.testng.reporters.JUnitReportReporter -->
<testsuite skipped="0" hostname="johnq-PC" name="pagefactorytestscripts1.HomePageTest1" tests="1" failures="0" timestamp="17 Feb 2018 00:46:03 GMT" time="0.798" errors="0">
  <testcase name="assertHomepage" time="0.798" classname="pagefactorytestscripts1.HomePageTest1"/>
</testsuite> <!-- pagefactorytestscripts1.HomePageTest1 -->
