<?xml version="1.0" encoding="UTF-8"?>
<!-- Generated by org.testng.reporters.JUnitReportReporter -->
<testsuite skipped="0" hostname="johnq-PC" name="pagefactorytestscripts1.ProductPageFactoryTest1" tests="1" failures="0" timestamp="17 Feb 2018 00:44:04 GMT" time="4.663" errors="0">
  <testcase name="verifyProductDetailsTest" time="4.663" classname="pagefactorytestscripts1.ProductPageFactoryTest1"/>
</testsuite> <!-- pagefactorytestscripts1.ProductPageFactoryTest1 -->
